Creating network scl_overnet
Creating service scl_vector_extractor
6731 entries to be processed
Deploying scl stack
Traceback (most recent call last):
  File "pow_extract_s2.py", line 50, in <module>
    time.sleep(120)
KeyboardInterrupt
Creating network scl_overnet
Creating service scl_vector_extractor
Creating network scl_default
Creating service scl_vector_extractor
6733 entries to be processed
Deploying scl stack
6710 entries still to be processed
6689 entries still to be processed
6676 entries still to be processed
6656 entries still to be processed
6638 entries still to be processed
6618 entries still to be processed
6600 entries still to be processed
6579 entries still to be processed
6564 entries still to be processed
6540 entries still to be processed
6524 entries still to be processed
6503 entries still to be processed
6486 entries still to be processed
6464 entries still to be processed
6448 entries still to be processed
6427 entries still to be processed
6405 entries still to be processed
6387 entries still to be processed
6369 entries still to be processed
6351 entries still to be processed
6333 entries still to be processed
6316 entries still to be processed
6294 entries still to be processed
6279 entries still to be processed
6263 entries still to be processed
6242 entries still to be processed
6227 entries still to be processed
6210 entries still to be processed
6193 entries still to be processed
6170 entries still to be processed
6158 entries still to be processed
6135 entries still to be processed
6121 entries still to be processed
6101 entries still to be processed
6087 entries still to be processed
6066 entries still to be processed
6052 entries still to be processed
6031 entries still to be processed
6013 entries still to be processed
5994 entries still to be processed
5980 entries still to be processed
5963 entries still to be processed
5948 entries still to be processed
5925 entries still to be processed
5912 entries still to be processed
5893 entries still to be processed
5875 entries still to be processed
5860 entries still to be processed
5844 entries still to be processed
5830 entries still to be processed
5808 entries still to be processed
5794 entries still to be processed
5775 entries still to be processed
5759 entries still to be processed
5740 entries still to be processed
5724 entries still to be processed
5712 entries still to be processed
5699 entries still to be processed
5685 entries still to be processed
5674 entries still to be processed
5656 entries still to be processed
5643 entries still to be processed
5631 entries still to be processed
5621 entries still to be processed
5608 entries still to be processed
5593 entries still to be processed
5579 entries still to be processed
5562 entries still to be processed
5551 entries still to be processed
5538 entries still to be processed
5522 entries still to be processed
5512 entries still to be processed
5493 entries still to be processed
5483 entries still to be processed
5471 entries still to be processed
5457 entries still to be processed
5445 entries still to be processed
5429 entries still to be processed
5414 entries still to be processed
5401 entries still to be processed
5389 entries still to be processed
5371 entries still to be processed
5354 entries still to be processed
5345 entries still to be processed
5326 entries still to be processed
5317 entries still to be processed
5303 entries still to be processed
5285 entries still to be processed
5270 entries still to be processed
5257 entries still to be processed
5244 entries still to be processed
5236 entries still to be processed
5224 entries still to be processed
5205 entries still to be processed
5196 entries still to be processed
5179 entries still to be processed
5167 entries still to be processed
5157 entries still to be processed
5140 entries still to be processed
5118 entries still to be processed
5105 entries still to be processed
5091 entries still to be processed
5081 entries still to be processed
5065 entries still to be processed
5049 entries still to be processed
5035 entries still to be processed
5019 entries still to be processed
5006 entries still to be processed
4986 entries still to be processed
4974 entries still to be processed
4953 entries still to be processed
4940 entries still to be processed
4926 entries still to be processed
4907 entries still to be processed
4892 entries still to be processed
4874 entries still to be processed
4860 entries still to be processed
4842 entries still to be processed
4829 entries still to be processed
4810 entries still to be processed
4798 entries still to be processed
4785 entries still to be processed
4761 entries still to be processed
4750 entries still to be processed
4730 entries still to be processed
4715 entries still to be processed
4700 entries still to be processed
4685 entries still to be processed
4663 entries still to be processed
4649 entries still to be processed
4637 entries still to be processed
4615 entries still to be processed
4600 entries still to be processed
4580 entries still to be processed
4569 entries still to be processed
4549 entries still to be processed
4537 entries still to be processed
4519 entries still to be processed
4503 entries still to be processed
4492 entries still to be processed
4471 entries still to be processed
4456 entries still to be processed
4443 entries still to be processed
4424 entries still to be processed
4409 entries still to be processed
4392 entries still to be processed
4379 entries still to be processed
4366 entries still to be processed
4348 entries still to be processed
4333 entries still to be processed
4319 entries still to be processed
4305 entries still to be processed
4288 entries still to be processed
4273 entries still to be processed
4258 entries still to be processed
4243 entries still to be processed
4229 entries still to be processed
4216 entries still to be processed
4198 entries still to be processed
4183 entries still to be processed
4168 entries still to be processed
4159 entries still to be processed
4141 entries still to be processed
4129 entries still to be processed
4116 entries still to be processed
4102 entries still to be processed
4086 entries still to be processed
4069 entries still to be processed
4057 entries still to be processed
4046 entries still to be processed
4027 entries still to be processed
4013 entries still to be processed
3998 entries still to be processed
3985 entries still to be processed
3973 entries still to be processed
3954 entries still to be processed
3945 entries still to be processed
3927 entries still to be processed
3914 entries still to be processed
3904 entries still to be processed
3888 entries still to be processed
3876 entries still to be processed
3865 entries still to be processed
3846 entries still to be processed
3835 entries still to be processed
3824 entries still to be processed
3803 entries still to be processed
3792 entries still to be processed
3779 entries still to be processed
3763 entries still to be processed
3751 entries still to be processed
3732 entries still to be processed
3719 entries still to be processed
3709 entries still to be processed
3695 entries still to be processed
3680 entries still to be processed
3667 entries still to be processed
3648 entries still to be processed
3637 entries still to be processed
3621 entries still to be processed
3607 entries still to be processed
3598 entries still to be processed
3579 entries still to be processed
3570 entries still to be processed
3556 entries still to be processed
3542 entries still to be processed
3529 entries still to be processed
3513 entries still to be processed
3497 entries still to be processed
3484 entries still to be processed
3467 entries still to be processed
3455 entries still to be processed
3444 entries still to be processed
3425 entries still to be processed
3416 entries still to be processed
3395 entries still to be processed
3385 entries still to be processed
3371 entries still to be processed
3356 entries still to be processed
3342 entries still to be processed
3328 entries still to be processed
3319 entries still to be processed
3303 entries still to be processed
3288 entries still to be processed
3273 entries still to be processed
3263 entries still to be processed
3245 entries still to be processed
3235 entries still to be processed
3221 entries still to be processed
3200 entries still to be processed
3192 entries still to be processed
3176 entries still to be processed
3162 entries still to be processed
3153 entries still to be processed
3134 entries still to be processed
3124 entries still to be processed
3110 entries still to be processed
3096 entries still to be processed
3085 entries still to be processed
3070 entries still to be processed
3058 entries still to be processed
3045 entries still to be processed
3028 entries still to be processed
3015 entries still to be processed
3004 entries still to be processed
2984 entries still to be processed
2971 entries still to be processed
2957 entries still to be processed
2944 entries still to be processed
2935 entries still to be processed
2922 entries still to be processed
2902 entries still to be processed
2891 entries still to be processed
2876 entries still to be processed
2861 entries still to be processed
2851 entries still to be processed
2833 entries still to be processed
2819 entries still to be processed
2808 entries still to be processed
2797 entries still to be processed
2783 entries still to be processed
2768 entries still to be processed
2750 entries still to be processed
2742 entries still to be processed
2724 entries still to be processed
2713 entries still to be processed
2704 entries still to be processed
2684 entries still to be processed
2676 entries still to be processed
2656 entries still to be processed
2649 entries still to be processed
2632 entries still to be processed
2615 entries still to be processed
2602 entries still to be processed
2593 entries still to be processed
2577 entries still to be processed
2565 entries still to be processed
2554 entries still to be processed
2533 entries still to be processed
2523 entries still to be processed
2508 entries still to be processed
2497 entries still to be processed
2484 entries still to be processed
2468 entries still to be processed
2452 entries still to be processed
2442 entries still to be processed
2426 entries still to be processed
2413 entries still to be processed
2402 entries still to be processed
2386 entries still to be processed
2377 entries still to be processed
2354 entries still to be processed
2347 entries still to be processed
2334 entries still to be processed
2315 entries still to be processed
2303 entries still to be processed
2292 entries still to be processed
2281 entries still to be processed
2267 entries still to be processed
2253 entries still to be processed
2238 entries still to be processed
2226 entries still to be processed
2213 entries still to be processed
2204 entries still to be processed
2196 entries still to be processed
2184 entries still to be processed
2168 entries still to be processed
2157 entries still to be processed
2148 entries still to be processed
2134 entries still to be processed
2121 entries still to be processed
2115 entries still to be processed
2108 entries still to be processed
2087 entries still to be processed
2080 entries still to be processed
2071 entries still to be processed
2054 entries still to be processed
2048 entries still to be processed
2035 entries still to be processed
2025 entries still to be processed
2010 entries still to be processed
2000 entries still to be processed
1990 entries still to be processed
1972 entries still to be processed
1964 entries still to be processed
1952 entries still to be processed
1935 entries still to be processed
1928 entries still to be processed
1917 entries still to be processed
1899 entries still to be processed
1892 entries still to be processed
1881 entries still to be processed
1865 entries still to be processed
1851 entries still to be processed
1846 entries still to be processed
1831 entries still to be processed
1816 entries still to be processed
1809 entries still to be processed
1788 entries still to be processed
1781 entries still to be processed
1768 entries still to be processed
1754 entries still to be processed
1744 entries still to be processed
1731 entries still to be processed
1713 entries still to be processed
1705 entries still to be processed
1695 entries still to be processed
1679 entries still to be processed
1669 entries still to be processed
1657 entries still to be processed
1649 entries still to be processed
1632 entries still to be processed
1621 entries still to be processed
1611 entries still to be processed
1600 entries still to be processed
1591 entries still to be processed
1580 entries still to be processed
1566 entries still to be processed
1553 entries still to be processed
1546 entries still to be processed
1526 entries still to be processed
1519 entries still to be processed
1506 entries still to be processed
1491 entries still to be processed
1480 entries still to be processed
1471 entries still to be processed
1451 entries still to be processed
1442 entries still to be processed
1435 entries still to be processed
1423 entries still to be processed
1409 entries still to be processed
1396 entries still to be processed
1383 entries still to be processed
1376 entries still to be processed
1366 entries still to be processed
1354 entries still to be processed
1336 entries still to be processed
1327 entries still to be processed
1317 entries still to be processed
1303 entries still to be processed
1292 entries still to be processed
1283 entries still to be processed
1270 entries still to be processed
1255 entries still to be processed
1248 entries still to be processed
1231 entries still to be processed
1224 entries still to be processed
1214 entries still to be processed
1197 entries still to be processed
1181 entries still to be processed
1173 entries still to be processed
1151 entries still to be processed
1144 entries still to be processed
1134 entries still to be processed
1113 entries still to be processed
1103 entries still to be processed
1087 entries still to be processed
1070 entries still to be processed
1061 entries still to be processed
1044 entries still to be processed
1029 entries still to be processed
1021 entries still to be processed
1002 entries still to be processed
991 entries still to be processed
977 entries still to be processed
963 entries still to be processed
950 entries still to be processed
933 entries still to be processed
927 entries still to be processed
909 entries still to be processed
893 entries still to be processed
881 entries still to be processed
863 entries still to be processed
853 entries still to be processed
844 entries still to be processed
829 entries still to be processed
811 entries still to be processed
800 entries still to be processed
777 entries still to be processed
768 entries still to be processed
759 entries still to be processed
741 entries still to be processed
729 entries still to be processed
720 entries still to be processed
704 entries still to be processed
692 entries still to be processed
683 entries still to be processed
661 entries still to be processed
653 entries still to be processed
642 entries still to be processed
621 entries still to be processed
609 entries still to be processed
595 entries still to be processed
584 entries still to be processed
572 entries still to be processed
557 entries still to be processed
542 entries still to be processed
535 entries still to be processed
517 entries still to be processed
505 entries still to be processed
491 entries still to be processed
472 entries still to be processed
467 entries still to be processed
445 entries still to be processed
435 entries still to be processed
423 entries still to be processed
402 entries still to be processed
391 entries still to be processed
374 entries still to be processed
363 entries still to be processed
349 entries still to be processed
334 entries still to be processed
323 entries still to be processed
308 entries still to be processed
295 entries still to be processed
279 entries still to be processed
266 entries still to be processed
242 entries still to be processed
232 entries still to be processed
220 entries still to be processed
200 entries still to be processed
189 entries still to be processed
172 entries still to be processed
162 entries still to be processed
148 entries still to be processed
129 entries still to be processed
116 entries still to be processed
Creating network s210_overnet
Creating service s210_vector_extractor
100 entries still to be processed
87 entries still to be processed
77 entries still to be processed
59 entries still to be processed
46 entries still to be processed
34 entries still to be processed
12 entries still to be processed
5 entries still to be processed
Stack scl finished
Stack scl removed
4222 entries to be processed
Deploying s210 stack
4212 entries to be processed
4208 entries to be processed
4204 entries to be processed
4199 entries to be processed
4193 entries to be processed
4188 entries to be processed
4185 entries to be processed
4180 entries to be processed
4175 entries to be processed
4170 entries to be processed
4165 entries to be processed
4161 entries to be processed
4155 entries to be processed
4149 entries to be processed
4146 entries to be processed
4142 entries to be processed
4134 entries to be processed
4129 entries to be processed
4124 entries to be processed
4119 entries to be processed
4115 entries to be processed
4110 entries to be processed
4105 entries to be processed
4099 entries to be processed
4093 entries to be processed
4091 entries to be processed
4085 entries to be processed
4078 entries to be processed
4074 entries to be processed
4069 entries to be processed
4066 entries to be processed
4061 entries to be processed
4055 entries to be processed
4051 entries to be processed
4047 entries to be processed
4043 entries to be processed
4035 entries to be processed
4032 entries to be processed
4028 entries to be processed
4023 entries to be processed
4018 entries to be processed
4013 entries to be processed
4008 entries to be processed
4001 entries to be processed
3998 entries to be processed
3993 entries to be processed
3989 entries to be processed
3985 entries to be processed
3982 entries to be processed
3976 entries to be processed
3970 entries to be processed
3965 entries to be processed
3962 entries to be processed
3958 entries to be processed
3952 entries to be processed
3946 entries to be processed
3942 entries to be processed
3938 entries to be processed
3935 entries to be processed
3930 entries to be processed
3924 entries to be processed
3920 entries to be processed
3915 entries to be processed
3912 entries to be processed
3906 entries to be processed
3902 entries to be processed
3898 entries to be processed
3894 entries to be processed
3890 entries to be processed
3886 entries to be processed
3881 entries to be processed
3876 entries to be processed
3871 entries to be processed
3867 entries to be processed
3862 entries to be processed
3859 entries to be processed
3855 entries to be processed
3853 entries to be processed
3847 entries to be processed
3843 entries to be processed
3837 entries to be processed
3832 entries to be processed
3829 entries to be processed
3825 entries to be processed
3822 entries to be processed
3815 entries to be processed
3809 entries to be processed
3805 entries to be processed
3801 entries to be processed
3798 entries to be processed
3793 entries to be processed
3789 entries to be processed
3784 entries to be processed
3779 entries to be processed
3775 entries to be processed
3771 entries to be processed
3766 entries to be processed
3762 entries to be processed
3757 entries to be processed
3754 entries to be processed
3749 entries to be processed
3745 entries to be processed
3740 entries to be processed
3734 entries to be processed
3731 entries to be processed
3725 entries to be processed
3723 entries to be processed
3718 entries to be processed
3714 entries to be processed
3710 entries to be processed
3705 entries to be processed
3701 entries to be processed
3696 entries to be processed
3689 entries to be processed
3687 entries to be processed
3684 entries to be processed
3678 entries to be processed
3673 entries to be processed
3668 entries to be processed
3667 entries to be processed
3661 entries to be processed
3657 entries to be processed
3654 entries to be processed
3649 entries to be processed
3645 entries to be processed
3641 entries to be processed
3637 entries to be processed
3634 entries to be processed
3631 entries to be processed
3625 entries to be processed
3622 entries to be processed
3619 entries to be processed
3616 entries to be processed
3611 entries to be processed
3607 entries to be processed
3603 entries to be processed
3598 entries to be processed
3595 entries to be processed
3591 entries to be processed
3587 entries to be processed
3583 entries to be processed
3579 entries to be processed
3577 entries to be processed
3572 entries to be processed
3569 entries to be processed
3567 entries to be processed
3562 entries to be processed
3558 entries to be processed
3554 entries to be processed
3552 entries to be processed
3548 entries to be processed
3545 entries to be processed
3543 entries to be processed
3538 entries to be processed
3535 entries to be processed
3532 entries to be processed
3528 entries to be processed
3527 entries to be processed
3523 entries to be processed
3519 entries to be processed
3514 entries to be processed
3511 entries to be processed
3507 entries to be processed
3505 entries to be processed
3501 entries to be processed
3497 entries to be processed
3494 entries to be processed
3490 entries to be processed
3486 entries to be processed
3484 entries to be processed
3483 entries to be processed
3478 entries to be processed
3477 entries to be processed
3472 entries to be processed
3469 entries to be processed
3463 entries to be processed
3460 entries to be processed
3459 entries to be processed
3456 entries to be processed
3452 entries to be processed
3447 entries to be processed
3442 entries to be processed
3438 entries to be processed
3437 entries to be processed
3432 entries to be processed
3431 entries to be processed
3427 entries to be processed
3424 entries to be processed
3419 entries to be processed
3415 entries to be processed
3413 entries to be processed
3409 entries to be processed
3408 entries to be processed
3405 entries to be processed
3399 entries to be processed
3398 entries to be processed
3394 entries to be processed
3392 entries to be processed
3388 entries to be processed
3385 entries to be processed
3382 entries to be processed
3380 entries to be processed
3376 entries to be processed
3372 entries to be processed
3369 entries to be processed
3366 entries to be processed
3360 entries to be processed
3357 entries to be processed
3356 entries to be processed
3352 entries to be processed
3349 entries to be processed
3345 entries to be processed
3343 entries to be processed
3340 entries to be processed
3338 entries to be processed
3332 entries to be processed
3329 entries to be processed
3325 entries to be processed
3319 entries to be processed
3315 entries to be processed
3311 entries to be processed
3308 entries to be processed
3304 entries to be processed
3302 entries to be processed
3296 entries to be processed
3293 entries to be processed
3292 entries to be processed
3287 entries to be processed
3286 entries to be processed
3281 entries to be processed
3279 entries to be processed
3275 entries to be processed
3270 entries to be processed
3267 entries to be processed
3263 entries to be processed
3262 entries to be processed
3257 entries to be processed
3254 entries to be processed
3249 entries to be processed
3246 entries to be processed
3242 entries to be processed
3240 entries to be processed
3236 entries to be processed
3232 entries to be processed
3228 entries to be processed
3224 entries to be processed
3220 entries to be processed
3216 entries to be processed
3212 entries to be processed
3210 entries to be processed
3207 entries to be processed
3203 entries to be processed
3201 entries to be processed
3195 entries to be processed
3194 entries to be processed
3190 entries to be processed
3186 entries to be processed
3182 entries to be processed
3178 entries to be processed
3175 entries to be processed
3171 entries to be processed
3166 entries to be processed
3164 entries to be processed
3161 entries to be processed
3156 entries to be processed
3151 entries to be processed
3149 entries to be processed
3144 entries to be processed
3142 entries to be processed
3138 entries to be processed
3133 entries to be processed
3130 entries to be processed
3124 entries to be processed
3122 entries to be processed
3116 entries to be processed
3115 entries to be processed
3110 entries to be processed
3107 entries to be processed
3104 entries to be processed
3100 entries to be processed
3097 entries to be processed
3091 entries to be processed
3087 entries to be processed
3081 entries to be processed
3078 entries to be processed
3077 entries to be processed
3072 entries to be processed
3068 entries to be processed
3062 entries to be processed
3058 entries to be processed
3057 entries to be processed
3052 entries to be processed
3047 entries to be processed
3040 entries to be processed
3037 entries to be processed
3033 entries to be processed
3029 entries to be processed
3025 entries to be processed
3023 entries to be processed
3018 entries to be processed
3013 entries to be processed
3009 entries to be processed
3006 entries to be processed
3001 entries to be processed
2999 entries to be processed
2993 entries to be processed
2988 entries to be processed
2982 entries to be processed
2981 entries to be processed
2979 entries to be processed
2974 entries to be processed
2970 entries to be processed
2965 entries to be processed
2963 entries to be processed
2959 entries to be processed
2954 entries to be processed
2950 entries to be processed
2946 entries to be processed
2941 entries to be processed
2941 entries to be processed
2938 entries to be processed
2933 entries to be processed
2929 entries to be processed
2926 entries to be processed
2922 entries to be processed
2920 entries to be processed
2918 entries to be processed
2914 entries to be processed
2910 entries to be processed
2905 entries to be processed
2901 entries to be processed
2899 entries to be processed
2896 entries to be processed
2894 entries to be processed
2890 entries to be processed
2886 entries to be processed
2880 entries to be processed
2877 entries to be processed
2876 entries to be processed
2871 entries to be processed
2869 entries to be processed
2867 entries to be processed
2862 entries to be processed
2857 entries to be processed
2854 entries to be processed
2848 entries to be processed
2845 entries to be processed
2843 entries to be processed
2842 entries to be processed
2834 entries to be processed
2832 entries to be processed
2828 entries to be processed
2826 entries to be processed
2822 entries to be processed
2819 entries to be processed
2815 entries to be processed
2813 entries to be processed
2807 entries to be processed
2804 entries to be processed
2799 entries to be processed
2796 entries to be processed
2794 entries to be processed
2791 entries to be processed
2786 entries to be processed
2784 entries to be processed
2779 entries to be processed
2775 entries to be processed
2771 entries to be processed
2766 entries to be processed
2762 entries to be processed
2756 entries to be processed
2753 entries to be processed
2749 entries to be processed
2747 entries to be processed
2741 entries to be processed
2739 entries to be processed
2737 entries to be processed
2732 entries to be processed
2727 entries to be processed
2724 entries to be processed
2717 entries to be processed
2714 entries to be processed
2710 entries to be processed
2704 entries to be processed
2700 entries to be processed
2697 entries to be processed
2692 entries to be processed
2690 entries to be processed
2684 entries to be processed
2681 entries to be processed
2677 entries to be processed
2671 entries to be processed
2665 entries to be processed
2662 entries to be processed
2658 entries to be processed
2652 entries to be processed
2648 entries to be processed
2644 entries to be processed
2640 entries to be processed
2635 entries to be processed
2629 entries to be processed
2624 entries to be processed
2620 entries to be processed
2616 entries to be processed
2610 entries to be processed
2605 entries to be processed
2601 entries to be processed
2598 entries to be processed
2594 entries to be processed
2589 entries to be processed
2584 entries to be processed
2578 entries to be processed
2573 entries to be processed
2569 entries to be processed
2566 entries to be processed
2560 entries to be processed
2554 entries to be processed
2550 entries to be processed
2546 entries to be processed
2542 entries to be processed
2538 entries to be processed
2531 entries to be processed
2527 entries to be processed
2523 entries to be processed
2518 entries to be processed
2512 entries to be processed
2508 entries to be processed
2504 entries to be processed
2500 entries to be processed
2496 entries to be processed
2490 entries to be processed
2485 entries to be processed
2478 entries to be processed
2475 entries to be processed
2472 entries to be processed
2465 entries to be processed
2461 entries to be processed
2456 entries to be processed
2454 entries to be processed
2449 entries to be processed
2443 entries to be processed
2438 entries to be processed
2433 entries to be processed
2430 entries to be processed
2425 entries to be processed
2420 entries to be processed
2416 entries to be processed
2409 entries to be processed
2407 entries to be processed
2402 entries to be processed
2397 entries to be processed
2391 entries to be processed
2386 entries to be processed
2383 entries to be processed
2376 entries to be processed
2371 entries to be processed
2364 entries to be processed
2360 entries to be processed
2359 entries to be processed
2354 entries to be processed
2346 entries to be processed
2343 entries to be processed
2338 entries to be processed
2333 entries to be processed
2330 entries to be processed
2323 entries to be processed
2319 entries to be processed
2315 entries to be processed
2312 entries to be processed
2307 entries to be processed
2300 entries to be processed
2296 entries to be processed
2291 entries to be processed
2287 entries to be processed
2282 entries to be processed
2277 entries to be processed
2271 entries to be processed
2268 entries to be processed
2263 entries to be processed
2259 entries to be processed
2253 entries to be processed
2247 entries to be processed
2245 entries to be processed
2240 entries to be processed
2234 entries to be processed
2230 entries to be processed
2226 entries to be processed
2221 entries to be processed
2217 entries to be processed
2213 entries to be processed
2208 entries to be processed
2202 entries to be processed
2200 entries to be processed
2194 entries to be processed
2190 entries to be processed
2183 entries to be processed
2179 entries to be processed
2177 entries to be processed
2171 entries to be processed
2170 entries to be processed
2164 entries to be processed
2159 entries to be processed
2153 entries to be processed
2152 entries to be processed
2148 entries to be processed
2141 entries to be processed
2135 entries to be processed
2132 entries to be processed
2128 entries to be processed
2124 entries to be processed
2118 entries to be processed
2113 entries to be processed
2107 entries to be processed
2104 entries to be processed
2100 entries to be processed
2095 entries to be processed
2090 entries to be processed
2086 entries to be processed
2083 entries to be processed
2077 entries to be processed
2073 entries to be processed
2068 entries to be processed
2063 entries to be processed
2060 entries to be processed
2056 entries to be processed
2049 entries to be processed
2044 entries to be processed
2040 entries to be processed
2039 entries to be processed
2034 entries to be processed
2028 entries to be processed
2023 entries to be processed
2019 entries to be processed
2013 entries to be processed
2011 entries to be processed
2006 entries to be processed
2002 entries to be processed
1996 entries to be processed
1992 entries to be processed
1990 entries to be processed
1986 entries to be processed
1980 entries to be processed
1975 entries to be processed
1969 entries to be processed
1964 entries to be processed
1963 entries to be processed
1958 entries to be processed
1952 entries to be processed
1948 entries to be processed
1946 entries to be processed
1940 entries to be processed
1935 entries to be processed
1928 entries to be processed
1924 entries to be processed
1920 entries to be processed
1915 entries to be processed
1911 entries to be processed
1905 entries to be processed
1902 entries to be processed
1896 entries to be processed
1893 entries to be processed
1887 entries to be processed
1882 entries to be processed
1874 entries to be processed
1871 entries to be processed
1868 entries to be processed
1865 entries to be processed
1858 entries to be processed
1854 entries to be processed
1848 entries to be processed
1844 entries to be processed
1841 entries to be processed
1834 entries to be processed
1830 entries to be processed
1824 entries to be processed
1820 entries to be processed
1815 entries to be processed
1812 entries to be processed
1807 entries to be processed
1802 entries to be processed
1799 entries to be processed
1794 entries to be processed
1790 entries to be processed
1783 entries to be processed
1778 entries to be processed
1775 entries to be processed
1773 entries to be processed
1766 entries to be processed
1761 entries to be processed
1757 entries to be processed
1753 entries to be processed
1748 entries to be processed
1744 entries to be processed
1739 entries to be processed
1732 entries to be processed
1730 entries to be processed
1725 entries to be processed
1722 entries to be processed
1716 entries to be processed
1714 entries to be processed
1708 entries to be processed
1705 entries to be processed
1699 entries to be processed
1695 entries to be processed
1688 entries to be processed
1684 entries to be processed
1681 entries to be processed
1676 entries to be processed
1670 entries to be processed
1667 entries to be processed
1661 entries to be processed
1660 entries to be processed
1655 entries to be processed
1650 entries to be processed
1646 entries to be processed
1638 entries to be processed
1636 entries to be processed
1633 entries to be processed
1629 entries to be processed
1624 entries to be processed
1621 entries to be processed
1619 entries to be processed
1614 entries to be processed
1611 entries to be processed
1608 entries to be processed
1603 entries to be processed
1601 entries to be processed
1594 entries to be processed
1591 entries to be processed
1588 entries to be processed
1587 entries to be processed
1586 entries to be processed
1580 entries to be processed
1573 entries to be processed
1569 entries to be processed
1569 entries to be processed
1568 entries to be processed
1561 entries to be processed
1560 entries to be processed
1556 entries to be processed
1552 entries to be processed
1547 entries to be processed
1542 entries to be processed
1541 entries to be processed
1538 entries to be processed
1532 entries to be processed
1527 entries to be processed
1523 entries to be processed
1519 entries to be processed
1518 entries to be processed
1513 entries to be processed
1510 entries to be processed
1507 entries to be processed
1502 entries to be processed
1497 entries to be processed
1494 entries to be processed
1489 entries to be processed
1487 entries to be processed
1485 entries to be processed
1482 entries to be processed
1478 entries to be processed
1474 entries to be processed
1472 entries to be processed
1470 entries to be processed
1469 entries to be processed
1465 entries to be processed
1461 entries to be processed
1456 entries to be processed
1451 entries to be processed
1448 entries to be processed
1446 entries to be processed
1443 entries to be processed
1440 entries to be processed
1436 entries to be processed
1432 entries to be processed
1428 entries to be processed
1426 entries to be processed
1422 entries to be processed
1420 entries to be processed
1415 entries to be processed
1413 entries to be processed
1406 entries to be processed
1403 entries to be processed
1399 entries to be processed
1398 entries to be processed
1395 entries to be processed
1391 entries to be processed
1386 entries to be processed
1384 entries to be processed
1380 entries to be processed
1377 entries to be processed
1375 entries to be processed
1372 entries to be processed
1368 entries to be processed
1365 entries to be processed
1360 entries to be processed
1356 entries to be processed
1352 entries to be processed
1350 entries to be processed
1346 entries to be processed
1343 entries to be processed
1337 entries to be processed
1334 entries to be processed
1330 entries to be processed
1328 entries to be processed
1325 entries to be processed
1321 entries to be processed
1317 entries to be processed
1313 entries to be processed
1307 entries to be processed
1303 entries to be processed
1302 entries to be processed
1298 entries to be processed
1292 entries to be processed
1287 entries to be processed
1280 entries to be processed
1277 entries to be processed
1273 entries to be processed
1269 entries to be processed
1264 entries to be processed
1258 entries to be processed
1252 entries to be processed
1249 entries to be processed
1246 entries to be processed
1242 entries to be processed
1237 entries to be processed
1234 entries to be processed
1231 entries to be processed
1226 entries to be processed
1224 entries to be processed
1219 entries to be processed
1214 entries to be processed
1209 entries to be processed
1204 entries to be processed
1200 entries to be processed
1198 entries to be processed
1193 entries to be processed
1190 entries to be processed
1186 entries to be processed
1182 entries to be processed
1180 entries to be processed
1175 entries to be processed
1171 entries to be processed
1167 entries to be processed
1162 entries to be processed
1158 entries to be processed
1156 entries to be processed
1149 entries to be processed
1145 entries to be processed
1143 entries to be processed
1138 entries to be processed
1133 entries to be processed
1131 entries to be processed
1128 entries to be processed
1122 entries to be processed
1116 entries to be processed
1111 entries to be processed
1108 entries to be processed
1105 entries to be processed
1100 entries to be processed
1095 entries to be processed
1091 entries to be processed
1088 entries to be processed
1084 entries to be processed
1080 entries to be processed
1075 entries to be processed
1070 entries to be processed
1064 entries to be processed
1060 entries to be processed
1057 entries to be processed
1051 entries to be processed
1046 entries to be processed
1041 entries to be processed
1036 entries to be processed
1033 entries to be processed
1028 entries to be processed
1022 entries to be processed
1019 entries to be processed
1014 entries to be processed
1012 entries to be processed
1008 entries to be processed
999 entries to be processed
994 entries to be processed
991 entries to be processed
988 entries to be processed
985 entries to be processed
981 entries to be processed
975 entries to be processed
970 entries to be processed
969 entries to be processed
963 entries to be processed
959 entries to be processed
954 entries to be processed
952 entries to be processed
947 entries to be processed
942 entries to be processed
939 entries to be processed
934 entries to be processed
931 entries to be processed
926 entries to be processed
921 entries to be processed
919 entries to be processed
914 entries to be processed
908 entries to be processed
903 entries to be processed
901 entries to be processed
896 entries to be processed
891 entries to be processed
886 entries to be processed
880 entries to be processed
876 entries to be processed
872 entries to be processed
870 entries to be processed
862 entries to be processed
859 entries to be processed
854 entries to be processed
853 entries to be processed
847 entries to be processed
841 entries to be processed
837 entries to be processed
833 entries to be processed
828 entries to be processed
824 entries to be processed
819 entries to be processed
816 entries to be processed
813 entries to be processed
808 entries to be processed
803 entries to be processed
799 entries to be processed
792 entries to be processed
788 entries to be processed
783 entries to be processed
780 entries to be processed
776 entries to be processed
770 entries to be processed
767 entries to be processed
Creating network s220_default
Creating service s220_vector_extractor
